<?xml version="1.0" encoding="UTF-8"?>
<testng-results total="2" passed="2" failed="0" skipped="0">
  <reporter-output>
  </reporter-output>
  <suite started-at="2022-03-02T10:14:42Z" name="Default suite" finished-at="2022-03-02T10:14:53Z" duration-ms="10761">
    <groups>
    </groups>
    <test started-at="2022-03-02T10:14:42Z" name="Default test" finished-at="2022-03-02T10:14:53Z" duration-ms="10761">
      <class name="MAVEN_PROJ.PROJECT1.homePage">
        <test-method is-config="true" signature="initialize()[pri:0, instance:MAVEN_PROJ.PROJECT1.homePage@5fd62371]" started-at="2022-03-02T15:44:42Z" name="initialize" finished-at="2022-03-02T15:44:46Z" duration-ms="3986" status="PASS">
          <reporter-output>
          </reporter-output>
        </test-method> <!-- initialize -->
        <test-method signature="basePageNavigation(java.lang.String, java.lang.String)[pri:0, instance:MAVEN_PROJ.PROJECT1.homePage@5fd62371]" started-at="2022-03-02T15:44:46Z" name="basePageNavigation" data-provider="getData" finished-at="2022-03-02T15:44:52Z" duration-ms="5617" status="PASS">
          <params>
            <param index="0">
              <value>
                <![CDATA[nonrestricteduser@qw.com]]>
              </value>
            </param>
            <param index="1">
              <value>
                <![CDATA[123456]]>
              </value>
            </param>
          </params>
          <reporter-output>
          </reporter-output>
        </test-method> <!-- basePageNavigation -->
        <test-method signature="basePageNavigation(java.lang.String, java.lang.String)[pri:0, instance:MAVEN_PROJ.PROJECT1.homePage@5fd62371]" started-at="2022-03-02T15:44:52Z" name="basePageNavigation" data-provider="getData" finished-at="2022-03-02T15:44:53Z" duration-ms="1084" status="PASS">
          <params>
            <param index="0">
              <value>
                <![CDATA[restricteduser@qw.com]]>
              </value>
            </param>
            <param index="1">
              <value>
                <![CDATA[456788]]>
              </value>
            </param>
          </params>
          <reporter-output>
          </reporter-output>
        </test-method> <!-- basePageNavigation -->
        <test-method is-config="true" signature="teardown()[pri:0, instance:MAVEN_PROJ.PROJECT1.homePage@5fd62371]" started-at="2022-03-02T15:44:53Z" name="teardown" finished-at="2022-03-02T15:44:53Z" duration-ms="56" status="PASS">
          <reporter-output>
          </reporter-output>
        </test-method> <!-- teardown -->
      </class> <!-- MAVEN_PROJ.PROJECT1.homePage -->
    </test> <!-- Default test -->
  </suite> <!-- Default suite -->
</testng-results>
